#! /usr/bin/vvp
:ivl_version "12.0 (stable)" "(v12_0-dirty)";
:ivl_delay_selection "TYPICAL";
:vpi_time_precision + 0;
:vpi_module "/usr/lib/ivl/system.vpi";
:vpi_module "/usr/lib/ivl/vhdl_sys.vpi";
:vpi_module "/usr/lib/ivl/vhdl_textio.vpi";
:vpi_module "/usr/lib/ivl/v2005_math.vpi";
:vpi_module "/usr/lib/ivl/va_math.vpi";
S_0x5646176cb660 .scope module, "cubicroot_test" "cubicroot_test" 2 401;
 .timescale 0 0;
v0x56461771bd30_0 .net "clk", 0 0, v0x5646176f6ce0_0;  1 drivers
v0x56461771bdf0_0 .net "ready", 0 0, v0x56461771ad90_0;  1 drivers
v0x56461771bee0_0 .var "rst", 0 0;
v0x56461771bfb0_0 .var "start", 0 0;
v0x56461771c080_0 .var "x_in", 15 0;
v0x56461771c120_0 .net "y_out", 15 0, v0x56461771bb90_0;  1 drivers
E_0x5646176cccb0 .event anyedge, v0x56461771ad90_0;
S_0x5646176cb7f0 .scope module, "cg_inst" "clock_gen" 2 418, 2 392 0, S_0x5646176cb660;
 .timescale 0 0;
    .port_info 0 /OUTPUT 1 "clk";
v0x5646176f6ce0_0 .var "clk", 0 0;
S_0x564617714ed0 .scope module, "cubicroot_inst" "cubicroot" 2 409, 2 130 0, S_0x5646176cb660;
 .timescale 0 0;
    .port_info 0 /INPUT 1 "clk";
    .port_info 1 /INPUT 1 "rst";
    .port_info 2 /INPUT 1 "start";
    .port_info 3 /INPUT 16 "x_in";
    .port_info 4 /OUTPUT 16 "y_out";
    .port_info 5 /OUTPUT 1 "ready";
P_0x5646177150b0 .param/l "COMPARE" 1 2 149, C4<1010>;
P_0x5646177150f0 .param/l "COMPUTE_B1" 1 2 142, C4<0011>;
P_0x564617715130 .param/l "COMPUTE_B1_2" 1 2 143, C4<0100>;
P_0x564617715170 .param/l "COMPUTE_B2" 1 2 144, C4<0101>;
P_0x5646177151b0 .param/l "COMPUTE_B3" 1 2 145, C4<0110>;
P_0x5646177151f0 .param/l "COMPUTE_B4" 1 2 146, C4<0111>;
P_0x564617715230 .param/l "DECREMENT_S" 1 2 152, C4<1101>;
P_0x564617715270 .param/l "DONE" 1 2 153, C4<1110>;
P_0x5646177152b0 .param/l "IDLE" 1 2 139, C4<0000>;
P_0x5646177152f0 .param/l "INIT" 1 2 140, C4<0001>;
P_0x564617715330 .param/l "SAVE_Y" 1 2 151, C4<1100>;
P_0x564617715370 .param/l "SHIFT_B" 1 2 147, C4<1000>;
P_0x5646177153b0 .param/l "SHIFT_B2" 1 2 148, C4<1001>;
P_0x5646177153f0 .param/l "SHIFT_Y" 1 2 141, C4<0010>;
P_0x564617715430 .param/l "UPDATE_X_Y" 1 2 150, C4<1011>;
v0x564617719ef0_0 .var "b", 31 0;
v0x564617719ff0_0 .net "clk", 0 0, v0x5646176f6ce0_0;  alias, 1 drivers
v0x56461771a0b0_0 .var "diff_a", 15 0;
v0x56461771a180_0 .var "diff_b", 15 0;
v0x56461771a250_0 .net "diff_ready", 0 0, v0x5646176b9f40_0;  1 drivers
v0x56461771a340_0 .var "diff_start", 0 0;
v0x56461771a410_0 .net "diff_y", 15 0, v0x564617715f80_0;  1 drivers
v0x56461771a4e0_0 .var "mult1_a_in", 15 0;
v0x56461771a5b0_0 .var "mult1_b_in", 15 0;
v0x56461771a710_0 .net "mult1_f_out", 15 0, v0x5646177171a0_0;  1 drivers
v0x56461771a7e0_0 .net "mult1_ready", 0 0, v0x5646177172d0_0;  1 drivers
v0x56461771a8b0_0 .var "mult1_start", 0 0;
v0x56461771a980_0 .var "mult2_a_in", 15 0;
v0x56461771aa50_0 .var "mult2_b_in", 15 0;
v0x56461771ab20_0 .net "mult2_f_out", 15 0, v0x564617718b70_0;  1 drivers
v0x56461771abf0_0 .net "mult2_ready", 0 0, v0x564617718ca0_0;  1 drivers
v0x56461771acc0_0 .var "mult2_start", 0 0;
v0x56461771ad90_0 .var "ready", 0 0;
v0x56461771ae30_0 .net "rst", 0 0, v0x56461771bee0_0;  1 drivers
v0x56461771aed0_0 .var "s", 5 0;
v0x56461771af70_0 .net "start", 0 0, v0x56461771bfb0_0;  1 drivers
v0x56461771b010_0 .var "state", 3 0;
v0x56461771b0b0_0 .var "summ_a", 15 0;
v0x56461771b180_0 .var "summ_b", 15 0;
v0x56461771b250_0 .net "summ_ready", 0 0, v0x564617719af0_0;  1 drivers
v0x56461771b320_0 .var "summ_start", 0 0;
v0x56461771b3f0_0 .net "summ_y", 15 0, v0x564617719cf0_0;  1 drivers
v0x56461771b4c0_0 .var "temp1", 15 0;
v0x56461771b560_0 .var "temp2", 15 0;
v0x56461771b600_0 .var "temp3", 15 0;
v0x56461771b6e0_0 .var "x", 15 0;
v0x56461771b7c0_0 .net "x_in", 15 0, v0x56461771c080_0;  1 drivers
v0x56461771b8a0_0 .var "y", 15 0;
v0x56461771bb90_0 .var "y_out", 15 0;
S_0x564617715b10 .scope module, "diff_inst" "subs" 2 189, 2 29 0, S_0x564617714ed0;
 .timescale 0 0;
    .port_info 0 /INPUT 1 "clk";
    .port_info 1 /INPUT 1 "rst";
    .port_info 2 /INPUT 1 "start";
    .port_info 3 /INPUT 16 "a";
    .port_info 4 /INPUT 16 "b";
    .port_info 5 /OUTPUT 1 "ready";
    .port_info 6 /OUTPUT 16 "y";
v0x5646176edb10_0 .net "a", 15 0, v0x56461771a0b0_0;  1 drivers
v0x5646176eb550_0 .net "b", 15 0, v0x56461771a180_0;  1 drivers
v0x5646176ea790_0 .net "clk", 0 0, v0x5646176f6ce0_0;  alias, 1 drivers
v0x5646176b9f40_0 .var "ready", 0 0;
v0x564617715dd0_0 .net "rst", 0 0, v0x56461771bee0_0;  alias, 1 drivers
v0x564617715ec0_0 .net "start", 0 0, v0x56461771a340_0;  1 drivers
v0x564617715f80_0 .var "y", 15 0;
E_0x5646176a8310 .event posedge, v0x5646176f6ce0_0;
S_0x564617716140 .scope module, "mult1_inst" "mult" 2 199, 2 52 0, S_0x564617714ed0;
 .timescale 0 0;
    .port_info 0 /INPUT 1 "clk";
    .port_info 1 /INPUT 1 "rst";
    .port_info 2 /INPUT 1 "start";
    .port_info 3 /INPUT 16 "a_in";
    .port_info 4 /INPUT 16 "b_in";
    .port_info 5 /OUTPUT 16 "f_out";
    .port_info 6 /OUTPUT 1 "ready";
P_0x5646176ea0c0 .param/l "IDLE" 1 2 61, C4<0>;
P_0x5646176ea100 .param/l "WORK" 1 2 62, C4<1>;
v0x564617716e60_0 .net "a_in", 15 0, v0x56461771a4e0_0;  1 drivers
v0x564617716f60_0 .net "b_in", 15 0, v0x56461771a5b0_0;  1 drivers
v0x564617717040_0 .net "clk", 0 0, v0x5646176f6ce0_0;  alias, 1 drivers
v0x5646177170e0_0 .var "counter", 15 0;
v0x5646177171a0_0 .var "f_out", 15 0;
v0x5646177172d0_0 .var "ready", 0 0;
v0x564617717390_0 .net "rst", 0 0, v0x56461771bee0_0;  alias, 1 drivers
v0x564617717480_0 .net "start", 0 0, v0x56461771a8b0_0;  1 drivers
v0x564617717540_0 .var "state", 0 0;
v0x564617717600_0 .var "sum", 15 0;
v0x5646177176e0_0 .var "summ_a", 15 0;
v0x5646177177a0_0 .var "summ_b", 15 0;
v0x564617717840_0 .net "summ_ready", 0 0, v0x564617716a30_0;  1 drivers
v0x5646177178e0_0 .var "summ_start", 0 0;
v0x564617717980_0 .net "summ_y", 15 0, v0x564617716c60_0;  1 drivers
S_0x5646177164d0 .scope module, "summ_inst" "summ" 2 73, 2 4 0, S_0x564617716140;
 .timescale 0 0;
    .port_info 0 /INPUT 1 "clk";
    .port_info 1 /INPUT 1 "rst";
    .port_info 2 /INPUT 1 "start";
    .port_info 3 /INPUT 16 "a";
    .port_info 4 /INPUT 16 "b";
    .port_info 5 /OUTPUT 1 "ready";
    .port_info 6 /OUTPUT 16 "y";
v0x564617716760_0 .net "a", 15 0, v0x5646177176e0_0;  1 drivers
v0x564617716860_0 .net "b", 15 0, v0x5646177177a0_0;  1 drivers
v0x564617716940_0 .net "clk", 0 0, v0x5646176f6ce0_0;  alias, 1 drivers
v0x564617716a30_0 .var "ready", 0 0;
v0x564617716ad0_0 .net "rst", 0 0, v0x56461771bee0_0;  alias, 1 drivers
v0x564617716bc0_0 .net "start", 0 0, v0x5646177178e0_0;  1 drivers
v0x564617716c60_0 .var "y", 15 0;
S_0x564617717aa0 .scope module, "mult2_inst" "mult" 2 209, 2 52 0, S_0x564617714ed0;
 .timescale 0 0;
    .port_info 0 /INPUT 1 "clk";
    .port_info 1 /INPUT 1 "rst";
    .port_info 2 /INPUT 1 "start";
    .port_info 3 /INPUT 16 "a_in";
    .port_info 4 /INPUT 16 "b_in";
    .port_info 5 /OUTPUT 16 "f_out";
    .port_info 6 /OUTPUT 1 "ready";
P_0x564617717c30 .param/l "IDLE" 1 2 61, C4<0>;
P_0x564617717c70 .param/l "WORK" 1 2 62, C4<1>;
v0x564617718830_0 .net "a_in", 15 0, v0x56461771a980_0;  1 drivers
v0x564617718930_0 .net "b_in", 15 0, v0x56461771aa50_0;  1 drivers
v0x564617718a10_0 .net "clk", 0 0, v0x5646176f6ce0_0;  alias, 1 drivers
v0x564617718ab0_0 .var "counter", 15 0;
v0x564617718b70_0 .var "f_out", 15 0;
v0x564617718ca0_0 .var "ready", 0 0;
v0x564617718d60_0 .net "rst", 0 0, v0x56461771bee0_0;  alias, 1 drivers
v0x564617718e90_0 .net "start", 0 0, v0x56461771acc0_0;  1 drivers
v0x564617718f50_0 .var "state", 0 0;
v0x5646177190a0_0 .var "sum", 15 0;
v0x564617719180_0 .var "summ_a", 15 0;
v0x564617719240_0 .var "summ_b", 15 0;
v0x564617719310_0 .net "summ_ready", 0 0, v0x564617718430_0;  1 drivers
v0x5646177193e0_0 .var "summ_start", 0 0;
v0x5646177194b0_0 .net "summ_y", 15 0, v0x564617718630_0;  1 drivers
S_0x564617717e50 .scope module, "summ_inst" "summ" 2 73, 2 4 0, S_0x564617717aa0;
 .timescale 0 0;
    .port_info 0 /INPUT 1 "clk";
    .port_info 1 /INPUT 1 "rst";
    .port_info 2 /INPUT 1 "start";
    .port_info 3 /INPUT 16 "a";
    .port_info 4 /INPUT 16 "b";
    .port_info 5 /OUTPUT 1 "ready";
    .port_info 6 /OUTPUT 16 "y";
v0x564617718120_0 .net "a", 15 0, v0x564617719180_0;  1 drivers
v0x564617718220_0 .net "b", 15 0, v0x564617719240_0;  1 drivers
v0x564617718300_0 .net "clk", 0 0, v0x5646176f6ce0_0;  alias, 1 drivers
v0x564617718430_0 .var "ready", 0 0;
v0x5646177184d0_0 .net "rst", 0 0, v0x56461771bee0_0;  alias, 1 drivers
v0x564617718570_0 .net "start", 0 0, v0x5646177193e0_0;  1 drivers
v0x564617718630_0 .var "y", 15 0;
S_0x564617719600 .scope module, "summ_inst" "summ" 2 179, 2 4 0, S_0x564617714ed0;
 .timescale 0 0;
    .port_info 0 /INPUT 1 "clk";
    .port_info 1 /INPUT 1 "rst";
    .port_info 2 /INPUT 1 "start";
    .port_info 3 /INPUT 16 "a";
    .port_info 4 /INPUT 16 "b";
    .port_info 5 /OUTPUT 1 "ready";
    .port_info 6 /OUTPUT 16 "y";
v0x564617719840_0 .net "a", 15 0, v0x56461771b0b0_0;  1 drivers
v0x564617719940_0 .net "b", 15 0, v0x56461771b180_0;  1 drivers
v0x564617719a20_0 .net "clk", 0 0, v0x5646176f6ce0_0;  alias, 1 drivers
v0x564617719af0_0 .var "ready", 0 0;
v0x564617719b90_0 .net "rst", 0 0, v0x56461771bee0_0;  alias, 1 drivers
v0x564617719c30_0 .net "start", 0 0, v0x56461771b320_0;  1 drivers
v0x564617719cf0_0 .var "y", 15 0;
    .scope S_0x564617719600;
T_0 ;
    %wait E_0x5646176a8310;
    %load/vec4 v0x564617719b90_0;
    %flag_set/vec4 8;
    %jmp/0xz  T_0.0, 8;
    %pushi/vec4 0, 0, 16;
    %assign/vec4 v0x564617719cf0_0, 0;
    %pushi/vec4 0, 0, 1;
    %assign/vec4 v0x564617719af0_0, 0;
    %jmp T_0.1;
T_0.0 ;
    %load/vec4 v0x564617719c30_0;
    %flag_set/vec4 8;
    %jmp/0xz  T_0.2, 8;
    %load/vec4 v0x564617719840_0;
    %load/vec4 v0x564617719940_0;
    %add;
    %assign/vec4 v0x564617719cf0_0, 0;
    %pushi/vec4 1, 0, 1;
    %assign/vec4 v0x564617719af0_0, 0;
    %jmp T_0.3;
T_0.2 ;
    %pushi/vec4 0, 0, 1;
    %assign/vec4 v0x564617719af0_0, 0;
T_0.3 ;
T_0.1 ;
    %jmp T_0;
    .thread T_0;
    .scope S_0x564617715b10;
T_1 ;
    %wait E_0x5646176a8310;
    %load/vec4 v0x564617715dd0_0;
    %flag_set/vec4 8;
    %jmp/0xz  T_1.0, 8;
    %pushi/vec4 0, 0, 16;
    %assign/vec4 v0x564617715f80_0, 0;
    %pushi/vec4 0, 0, 1;
    %assign/vec4 v0x5646176b9f40_0, 0;
    %jmp T_1.1;
T_1.0 ;
    %load/vec4 v0x564617715ec0_0;
    %flag_set/vec4 8;
    %jmp/0xz  T_1.2, 8;
    %load/vec4 v0x5646176edb10_0;
    %load/vec4 v0x5646176eb550_0;
    %sub;
    %assign/vec4 v0x564617715f80_0, 0;
    %pushi/vec4 1, 0, 1;
    %assign/vec4 v0x5646176b9f40_0, 0;
    %jmp T_1.3;
T_1.2 ;
    %pushi/vec4 0, 0, 1;
    %assign/vec4 v0x5646176b9f40_0, 0;
T_1.3 ;
T_1.1 ;
    %jmp T_1;
    .thread T_1;
    .scope S_0x5646177164d0;
T_2 ;
    %wait E_0x5646176a8310;
    %load/vec4 v0x564617716ad0_0;
    %flag_set/vec4 8;
    %jmp/0xz  T_2.0, 8;
    %pushi/vec4 0, 0, 16;
    %assign/vec4 v0x564617716c60_0, 0;
    %pushi/vec4 0, 0, 1;
    %assign/vec4 v0x564617716a30_0, 0;
    %jmp T_2.1;
T_2.0 ;
    %load/vec4 v0x564617716bc0_0;
    %flag_set/vec4 8;
    %jmp/0xz  T_2.2, 8;
    %load/vec4 v0x564617716760_0;
    %load/vec4 v0x564617716860_0;
    %add;
    %assign/vec4 v0x564617716c60_0, 0;
    %pushi/vec4 1, 0, 1;
    %assign/vec4 v0x564617716a30_0, 0;
    %jmp T_2.3;
T_2.2 ;
    %pushi/vec4 0, 0, 1;
    %assign/vec4 v0x564617716a30_0, 0;
T_2.3 ;
T_2.1 ;
    %jmp T_2;
    .thread T_2;
    .scope S_0x564617716140;
T_3 ;
    %wait E_0x5646176a8310;
    %load/vec4 v0x564617717390_0;
    %flag_set/vec4 8;
    %jmp/0xz  T_3.0, 8;
    %pushi/vec4 0, 0, 1;
    %assign/vec4 v0x564617717540_0, 0;
    %pushi/vec4 0, 0, 16;
    %assign/vec4 v0x564617717600_0, 0;
    %pushi/vec4 0, 0, 16;
    %assign/vec4 v0x5646177170e0_0, 0;
    %pushi/vec4 0, 0, 16;
    %assign/vec4 v0x5646177171a0_0, 0;
    %pushi/vec4 0, 0, 1;
    %assign/vec4 v0x5646177172d0_0, 0;
    %pushi/vec4 0, 0, 1;
    %assign/vec4 v0x5646177178e0_0, 0;
    %jmp T_3.1;
T_3.0 ;
    %load/vec4 v0x564617717540_0;
    %dup/vec4;
    %pushi/vec4 0, 0, 1;
    %cmp/u;
    %jmp/1 T_3.2, 6;
    %dup/vec4;
    %pushi/vec4 1, 0, 1;
    %cmp/u;
    %jmp/1 T_3.3, 6;
    %jmp T_3.4;
T_3.2 ;
    %load/vec4 v0x564617717480_0;
    %flag_set/vec4 8;
    %jmp/0xz  T_3.5, 8;
    %pushi/vec4 0, 0, 16;
    %assign/vec4 v0x564617717600_0, 0;
    %pushi/vec4 0, 0, 16;
    %assign/vec4 v0x5646177170e0_0, 0;
    %pushi/vec4 0, 0, 16;
    %assign/vec4 v0x5646177176e0_0, 0;
    %load/vec4 v0x564617716e60_0;
    %assign/vec4 v0x5646177177a0_0, 0;
    %pushi/vec4 1, 0, 1;
    %assign/vec4 v0x5646177178e0_0, 0;
    %pushi/vec4 1, 0, 1;
    %assign/vec4 v0x564617717540_0, 0;
    %pushi/vec4 0, 0, 1;
    %assign/vec4 v0x5646177172d0_0, 0;
T_3.5 ;
    %jmp T_3.4;
T_3.3 ;
    %pushi/vec4 0, 0, 1;
    %assign/vec4 v0x5646177178e0_0, 0;
    %load/vec4 v0x564617717840_0;
    %flag_set/vec4 8;
    %jmp/0xz  T_3.7, 8;
    %load/vec4 v0x5646177170e0_0;
    %addi 1, 0, 16;
    %assign/vec4 v0x5646177170e0_0, 0;
    %load/vec4 v0x5646177170e0_0;
    %load/vec4 v0x564617716f60_0;
    %cmp/u;
    %jmp/0xz  T_3.9, 5;
    %load/vec4 v0x564617717980_0;
    %assign/vec4 v0x5646177176e0_0, 0;
    %load/vec4 v0x564617716e60_0;
    %assign/vec4 v0x5646177177a0_0, 0;
    %pushi/vec4 1, 0, 1;
    %assign/vec4 v0x5646177178e0_0, 0;
    %jmp T_3.10;
T_3.9 ;
    %load/vec4 v0x564617717600_0;
    %assign/vec4 v0x5646177171a0_0, 0;
    %pushi/vec4 1, 0, 1;
    %assign/vec4 v0x5646177172d0_0, 0;
    %pushi/vec4 0, 0, 1;
    %assign/vec4 v0x564617717540_0, 0;
T_3.10 ;
    %load/vec4 v0x564617717980_0;
    %assign/vec4 v0x564617717600_0, 0;
T_3.7 ;
    %jmp T_3.4;
T_3.4 ;
    %pop/vec4 1;
T_3.1 ;
    %jmp T_3;
    .thread T_3;
    .scope S_0x564617717e50;
T_4 ;
    %wait E_0x5646176a8310;
    %load/vec4 v0x5646177184d0_0;
    %flag_set/vec4 8;
    %jmp/0xz  T_4.0, 8;
    %pushi/vec4 0, 0, 16;
    %assign/vec4 v0x564617718630_0, 0;
    %pushi/vec4 0, 0, 1;
    %assign/vec4 v0x564617718430_0, 0;
    %jmp T_4.1;
T_4.0 ;
    %load/vec4 v0x564617718570_0;
    %flag_set/vec4 8;
    %jmp/0xz  T_4.2, 8;
    %load/vec4 v0x564617718120_0;
    %load/vec4 v0x564617718220_0;
    %add;
    %assign/vec4 v0x564617718630_0, 0;
    %pushi/vec4 1, 0, 1;
    %assign/vec4 v0x564617718430_0, 0;
    %jmp T_4.3;
T_4.2 ;
    %pushi/vec4 0, 0, 1;
    %assign/vec4 v0x564617718430_0, 0;
T_4.3 ;
T_4.1 ;
    %jmp T_4;
    .thread T_4;
    .scope S_0x564617717aa0;
T_5 ;
    %wait E_0x5646176a8310;
    %load/vec4 v0x564617718d60_0;
    %flag_set/vec4 8;
    %jmp/0xz  T_5.0, 8;
    %pushi/vec4 0, 0, 1;
    %assign/vec4 v0x564617718f50_0, 0;
    %pushi/vec4 0, 0, 16;
    %assign/vec4 v0x5646177190a0_0, 0;
    %pushi/vec4 0, 0, 16;
    %assign/vec4 v0x564617718ab0_0, 0;
    %pushi/vec4 0, 0, 16;
    %assign/vec4 v0x564617718b70_0, 0;
    %pushi/vec4 0, 0, 1;
    %assign/vec4 v0x564617718ca0_0, 0;
    %pushi/vec4 0, 0, 1;
    %assign/vec4 v0x5646177193e0_0, 0;
    %jmp T_5.1;
T_5.0 ;
    %load/vec4 v0x564617718f50_0;
    %dup/vec4;
    %pushi/vec4 0, 0, 1;
    %cmp/u;
    %jmp/1 T_5.2, 6;
    %dup/vec4;
    %pushi/vec4 1, 0, 1;
    %cmp/u;
    %jmp/1 T_5.3, 6;
    %jmp T_5.4;
T_5.2 ;
    %load/vec4 v0x564617718e90_0;
    %flag_set/vec4 8;
    %jmp/0xz  T_5.5, 8;
    %pushi/vec4 0, 0, 16;
    %assign/vec4 v0x5646177190a0_0, 0;
    %pushi/vec4 0, 0, 16;
    %assign/vec4 v0x564617718ab0_0, 0;
    %pushi/vec4 0, 0, 16;
    %assign/vec4 v0x564617719180_0, 0;
    %load/vec4 v0x564617718830_0;
    %assign/vec4 v0x564617719240_0, 0;
    %pushi/vec4 1, 0, 1;
    %assign/vec4 v0x5646177193e0_0, 0;
    %pushi/vec4 1, 0, 1;
    %assign/vec4 v0x564617718f50_0, 0;
    %pushi/vec4 0, 0, 1;
    %assign/vec4 v0x564617718ca0_0, 0;
T_5.5 ;
    %jmp T_5.4;
T_5.3 ;
    %pushi/vec4 0, 0, 1;
    %assign/vec4 v0x5646177193e0_0, 0;
    %load/vec4 v0x564617719310_0;
    %flag_set/vec4 8;
    %jmp/0xz  T_5.7, 8;
    %load/vec4 v0x564617718ab0_0;
    %addi 1, 0, 16;
    %assign/vec4 v0x564617718ab0_0, 0;
    %load/vec4 v0x564617718ab0_0;
    %load/vec4 v0x564617718930_0;
    %cmp/u;
    %jmp/0xz  T_5.9, 5;
    %load/vec4 v0x5646177194b0_0;
    %assign/vec4 v0x564617719180_0, 0;
    %load/vec4 v0x564617718830_0;
    %assign/vec4 v0x564617719240_0, 0;
    %pushi/vec4 1, 0, 1;
    %assign/vec4 v0x5646177193e0_0, 0;
    %jmp T_5.10;
T_5.9 ;
    %load/vec4 v0x5646177190a0_0;
    %assign/vec4 v0x564617718b70_0, 0;
    %pushi/vec4 1, 0, 1;
    %assign/vec4 v0x564617718ca0_0, 0;
    %pushi/vec4 0, 0, 1;
    %assign/vec4 v0x564617718f50_0, 0;
T_5.10 ;
    %load/vec4 v0x5646177194b0_0;
    %assign/vec4 v0x5646177190a0_0, 0;
T_5.7 ;
    %jmp T_5.4;
T_5.4 ;
    %pop/vec4 1;
T_5.1 ;
    %jmp T_5;
    .thread T_5;
    .scope S_0x564617714ed0;
T_6 ;
    %wait E_0x5646176a8310;
    %load/vec4 v0x56461771ae30_0;
    %flag_set/vec4 8;
    %jmp/0xz  T_6.0, 8;
    %pushi/vec4 0, 0, 4;
    %assign/vec4 v0x56461771b010_0, 0;
    %pushi/vec4 0, 0, 16;
    %assign/vec4 v0x56461771b6e0_0, 0;
    %pushi/vec4 0, 0, 16;
    %assign/vec4 v0x56461771b8a0_0, 0;
    %pushi/vec4 0, 0, 6;
    %assign/vec4 v0x56461771aed0_0, 0;
    %pushi/vec4 0, 0, 32;
    %assign/vec4 v0x564617719ef0_0, 0;
    %pushi/vec4 0, 0, 1;
    %assign/vec4 v0x56461771ad90_0, 0;
    %pushi/vec4 0, 0, 16;
    %assign/vec4 v0x56461771bb90_0, 0;
    %pushi/vec4 0, 0, 1;
    %assign/vec4 v0x56461771b320_0, 0;
    %pushi/vec4 0, 0, 1;
    %assign/vec4 v0x56461771a340_0, 0;
    %pushi/vec4 0, 0, 1;
    %assign/vec4 v0x56461771a8b0_0, 0;
    %pushi/vec4 0, 0, 1;
    %assign/vec4 v0x56461771acc0_0, 0;
    %pushi/vec4 0, 0, 16;
    %assign/vec4 v0x56461771b4c0_0, 0;
    %pushi/vec4 0, 0, 16;
    %assign/vec4 v0x56461771b560_0, 0;
    %pushi/vec4 0, 0, 16;
    %assign/vec4 v0x56461771b600_0, 0;
    %jmp T_6.1;
T_6.0 ;
    %load/vec4 v0x56461771b010_0;
    %dup/vec4;
    %pushi/vec4 0, 0, 4;
    %cmp/u;
    %jmp/1 T_6.2, 6;
    %dup/vec4;
    %pushi/vec4 2, 0, 4;
    %cmp/u;
    %jmp/1 T_6.3, 6;
    %dup/vec4;
    %pushi/vec4 3, 0, 4;
    %cmp/u;
    %jmp/1 T_6.4, 6;
    %dup/vec4;
    %pushi/vec4 4, 0, 4;
    %cmp/u;
    %jmp/1 T_6.5, 6;
    %dup/vec4;
    %pushi/vec4 5, 0, 4;
    %cmp/u;
    %jmp/1 T_6.6, 6;
    %dup/vec4;
    %pushi/vec4 6, 0, 4;
    %cmp/u;
    %jmp/1 T_6.7, 6;
    %dup/vec4;
    %pushi/vec4 7, 0, 4;
    %cmp/u;
    %jmp/1 T_6.8, 6;
    %dup/vec4;
    %pushi/vec4 8, 0, 4;
    %cmp/u;
    %jmp/1 T_6.9, 6;
    %dup/vec4;
    %pushi/vec4 9, 0, 4;
    %cmp/u;
    %jmp/1 T_6.10, 6;
    %dup/vec4;
    %pushi/vec4 10, 0, 4;
    %cmp/u;
    %jmp/1 T_6.11, 6;
    %dup/vec4;
    %pushi/vec4 11, 0, 4;
    %cmp/u;
    %jmp/1 T_6.12, 6;
    %dup/vec4;
    %pushi/vec4 12, 0, 4;
    %cmp/u;
    %jmp/1 T_6.13, 6;
    %dup/vec4;
    %pushi/vec4 13, 0, 4;
    %cmp/u;
    %jmp/1 T_6.14, 6;
    %dup/vec4;
    %pushi/vec4 14, 0, 4;
    %cmp/u;
    %jmp/1 T_6.15, 6;
    %pushi/vec4 0, 0, 4;
    %assign/vec4 v0x56461771b010_0, 0;
    %jmp T_6.17;
T_6.2 ;
    %pushi/vec4 0, 0, 1;
    %assign/vec4 v0x56461771ad90_0, 0;
    %load/vec4 v0x56461771af70_0;
    %flag_set/vec4 8;
    %jmp/0xz  T_6.18, 8;
    %load/vec4 v0x56461771b7c0_0;
    %assign/vec4 v0x56461771b6e0_0, 0;
    %pushi/vec4 0, 0, 16;
    %assign/vec4 v0x56461771b8a0_0, 0;
    %pushi/vec4 30, 0, 6;
    %assign/vec4 v0x56461771aed0_0, 0;
    %pushi/vec4 2, 0, 4;
    %assign/vec4 v0x56461771b010_0, 0;
T_6.18 ;
    %jmp T_6.17;
T_6.3 ;
    %vpi_call 2 248 "$display" {0 0 0};
    %vpi_call 2 249 "$display", "-=-=-=-=-=-=-=-=-" {0 0 0};
    %vpi_call 2 250 "$write", " s:%d", v0x56461771aed0_0 {0 0 0};
    %vpi_call 2 251 "$write", " y:%d", v0x56461771b8a0_0 {0 0 0};
    %load/vec4 v0x56461771b8a0_0;
    %assign/vec4 v0x56461771a4e0_0, 0;
    %pushi/vec4 2, 0, 16;
    %assign/vec4 v0x56461771a5b0_0, 0;
    %pushi/vec4 1, 0, 1;
    %assign/vec4 v0x56461771a8b0_0, 0;
    %pushi/vec4 3, 0, 4;
    %assign/vec4 v0x56461771b010_0, 0;
    %jmp T_6.17;
T_6.4 ;
    %pushi/vec4 0, 0, 1;
    %assign/vec4 v0x56461771a8b0_0, 0;
    %load/vec4 v0x56461771a7e0_0;
    %flag_set/vec4 8;
    %jmp/0xz  T_6.20, 8;
    %vpi_call 2 262 "$write", " mult:%d", v0x56461771a710_0 {0 0 0};
    %load/vec4 v0x56461771a710_0;
    %cmpi/e 3, 0, 16;
    %jmp/0xz  T_6.22, 4;
    %vpi_call 2 264 "$display", "\000" {0 0 0};
    %vpi_call 2 265 "$display", "  Etra Stop  " {0 0 0};
    %vpi_call 2 266 "$display", "\000" {0 0 0};
    %vpi_call 2 267 "$finish" {0 0 0};
T_6.22 ;
    %load/vec4 v0x56461771a710_0;
    %assign/vec4 v0x56461771b8a0_0, 0;
    %pushi/vec4 4, 0, 4;
    %assign/vec4 v0x56461771b010_0, 0;
T_6.20 ;
    %jmp T_6.17;
T_6.5 ;
    %load/vec4 v0x56461771b8a0_0;
    %assign/vec4 v0x56461771b0b0_0, 0;
    %pushi/vec4 1, 0, 16;
    %assign/vec4 v0x56461771b180_0, 0;
    %pushi/vec4 1, 0, 1;
    %assign/vec4 v0x56461771b320_0, 0;
    %pushi/vec4 5, 0, 4;
    %assign/vec4 v0x56461771b010_0, 0;
    %jmp T_6.17;
T_6.6 ;
    %pushi/vec4 0, 0, 1;
    %assign/vec4 v0x56461771b320_0, 0;
    %load/vec4 v0x56461771b250_0;
    %flag_set/vec4 8;
    %jmp/0xz  T_6.24, 8;
    %vpi_call 2 283 "$write", " 2y:%d", v0x56461771b8a0_0 {0 0 0};
    %load/vec4 v0x56461771b3f0_0;
    %assign/vec4 v0x56461771b4c0_0, 0;
    %load/vec4 v0x56461771b8a0_0;
    %assign/vec4 v0x56461771a4e0_0, 0;
    %load/vec4 v0x56461771b4c0_0;
    %assign/vec4 v0x56461771a5b0_0, 0;
    %pushi/vec4 1, 0, 1;
    %assign/vec4 v0x56461771a8b0_0, 0;
    %pushi/vec4 6, 0, 4;
    %assign/vec4 v0x56461771b010_0, 0;
T_6.24 ;
    %jmp T_6.17;
T_6.7 ;
    %pushi/vec4 0, 0, 1;
    %assign/vec4 v0x56461771a8b0_0, 0;
    %load/vec4 v0x56461771a7e0_0;
    %flag_set/vec4 8;
    %jmp/0xz  T_6.26, 8;
    %vpi_call 2 297 "$write", " temp1:", v0x56461771b4c0_0 {0 0 0};
    %load/vec4 v0x56461771a710_0;
    %assign/vec4 v0x56461771b560_0, 0;
    %pushi/vec4 3, 0, 16;
    %assign/vec4 v0x56461771a4e0_0, 0;
    %load/vec4 v0x56461771b560_0;
    %assign/vec4 v0x56461771a5b0_0, 0;
    %pushi/vec4 1, 0, 1;
    %assign/vec4 v0x56461771a8b0_0, 0;
    %pushi/vec4 7, 0, 4;
    %assign/vec4 v0x56461771b010_0, 0;
T_6.26 ;
    %jmp T_6.17;
T_6.8 ;
    %pushi/vec4 0, 0, 1;
    %assign/vec4 v0x56461771a8b0_0, 0;
    %load/vec4 v0x56461771a7e0_0;
    %flag_set/vec4 8;
    %jmp/0xz  T_6.28, 8;
    %vpi_call 2 312 "$write", " temp2:", v0x56461771b560_0 {0 0 0};
    %load/vec4 v0x56461771a710_0;
    %assign/vec4 v0x56461771b600_0, 0;
    %load/vec4 v0x56461771b600_0;
    %assign/vec4 v0x56461771b0b0_0, 0;
    %pushi/vec4 1, 0, 16;
    %assign/vec4 v0x56461771b180_0, 0;
    %pushi/vec4 1, 0, 1;
    %assign/vec4 v0x56461771b320_0, 0;
    %pushi/vec4 8, 0, 4;
    %assign/vec4 v0x56461771b010_0, 0;
T_6.28 ;
    %jmp T_6.17;
T_6.9 ;
    %pushi/vec4 0, 0, 1;
    %assign/vec4 v0x56461771b320_0, 0;
    %load/vec4 v0x56461771b250_0;
    %flag_set/vec4 8;
    %jmp/0xz  T_6.30, 8;
    %load/vec4 v0x56461771b3f0_0;
    %pad/u 32;
    %assign/vec4 v0x564617719ef0_0, 0;
    %pushi/vec4 9, 0, 4;
    %assign/vec4 v0x56461771b010_0, 0;
T_6.30 ;
    %jmp T_6.17;
T_6.10 ;
    %vpi_call 2 334 "$write", " b:", v0x564617719ef0_0 {0 0 0};
    %load/vec4 v0x564617719ef0_0;
    %ix/getv 4, v0x56461771aed0_0;
    %shiftl 4;
    %assign/vec4 v0x564617719ef0_0, 0;
    %pushi/vec4 10, 0, 4;
    %assign/vec4 v0x56461771b010_0, 0;
    %jmp T_6.17;
T_6.11 ;
    %vpi_call 2 340 "$write", " b<<:", v0x564617719ef0_0 {0 0 0};
    %load/vec4 v0x564617719ef0_0;
    %load/vec4 v0x56461771b6e0_0;
    %pad/u 32;
    %cmp/u;
    %flag_or 5, 4;
    %jmp/0xz  T_6.32, 5;
    %vpi_call 2 342 "$write", " x>=b" {0 0 0};
    %load/vec4 v0x56461771b6e0_0;
    %assign/vec4 v0x56461771a0b0_0, 0;
    %load/vec4 v0x564617719ef0_0;
    %pad/u 16;
    %assign/vec4 v0x56461771a180_0, 0;
    %pushi/vec4 1, 0, 1;
    %assign/vec4 v0x56461771a340_0, 0;
    %pushi/vec4 11, 0, 4;
    %assign/vec4 v0x56461771b010_0, 0;
    %jmp T_6.33;
T_6.32 ;
    %pushi/vec4 13, 0, 4;
    %assign/vec4 v0x56461771b010_0, 0;
T_6.33 ;
    %jmp T_6.17;
T_6.12 ;
    %pushi/vec4 0, 0, 1;
    %assign/vec4 v0x56461771a340_0, 0;
    %load/vec4 v0x56461771a250_0;
    %flag_set/vec4 8;
    %jmp/0xz  T_6.34, 8;
    %load/vec4 v0x56461771a410_0;
    %assign/vec4 v0x56461771b6e0_0, 0;
    %load/vec4 v0x56461771b8a0_0;
    %assign/vec4 v0x56461771b0b0_0, 0;
    %pushi/vec4 1, 0, 16;
    %assign/vec4 v0x56461771b180_0, 0;
    %pushi/vec4 1, 0, 1;
    %assign/vec4 v0x56461771b320_0, 0;
    %pushi/vec4 12, 0, 4;
    %assign/vec4 v0x56461771b010_0, 0;
T_6.34 ;
    %jmp T_6.17;
T_6.13 ;
    %pushi/vec4 0, 0, 1;
    %assign/vec4 v0x56461771b320_0, 0;
    %load/vec4 v0x56461771b250_0;
    %flag_set/vec4 8;
    %jmp/0xz  T_6.36, 8;
    %vpi_call 2 367 "$write", " x:", v0x56461771b6e0_0 {0 0 0};
    %load/vec4 v0x56461771b3f0_0;
    %assign/vec4 v0x56461771b8a0_0, 0;
    %pushi/vec4 13, 0, 4;
    %assign/vec4 v0x56461771b010_0, 0;
T_6.36 ;
    %jmp T_6.17;
T_6.14 ;
    %load/vec4 v0x56461771aed0_0;
    %cmpi/u 3, 0, 6;
    %flag_inv 5; GE is !LT
    %jmp/0xz  T_6.38, 5;
    %load/vec4 v0x56461771aed0_0;
    %subi 3, 0, 6;
    %assign/vec4 v0x56461771aed0_0, 0;
    %pushi/vec4 2, 0, 4;
    %assign/vec4 v0x56461771b010_0, 0;
    %jmp T_6.39;
T_6.38 ;
    %pushi/vec4 14, 0, 4;
    %assign/vec4 v0x56461771b010_0, 0;
T_6.39 ;
    %jmp T_6.17;
T_6.15 ;
    %load/vec4 v0x56461771b8a0_0;
    %assign/vec4 v0x56461771bb90_0, 0;
    %pushi/vec4 1, 0, 1;
    %assign/vec4 v0x56461771ad90_0, 0;
    %pushi/vec4 0, 0, 4;
    %assign/vec4 v0x56461771b010_0, 0;
    %jmp T_6.17;
T_6.17 ;
    %pop/vec4 1;
T_6.1 ;
    %jmp T_6;
    .thread T_6;
    .scope S_0x5646176cb7f0;
T_7 ;
    %pushi/vec4 0, 0, 1;
    %store/vec4 v0x5646176f6ce0_0, 0, 1;
T_7.0 ;
    %delay 1, 0;
    %load/vec4 v0x5646176f6ce0_0;
    %inv;
    %store/vec4 v0x5646176f6ce0_0, 0, 1;
    %jmp T_7.0;
    %end;
    .thread T_7;
    .scope S_0x5646176cb660;
T_8 ;
    %pushi/vec4 1, 0, 1;
    %store/vec4 v0x56461771bee0_0, 0, 1;
    %pushi/vec4 0, 0, 1;
    %store/vec4 v0x56461771bfb0_0, 0, 1;
    %pushi/vec4 0, 0, 16;
    %store/vec4 v0x56461771c080_0, 0, 16;
    %delay 40, 0;
    %pushi/vec4 0, 0, 1;
    %store/vec4 v0x56461771bee0_0, 0, 1;
    %vpi_call 2 428 "$display", "Cubic square test:" {0 0 0};
    %pushi/vec4 27, 0, 16;
    %store/vec4 v0x56461771c080_0, 0, 16;
    %pushi/vec4 1, 0, 1;
    %store/vec4 v0x56461771bfb0_0, 0, 1;
    %delay 2, 0;
    %pushi/vec4 0, 0, 1;
    %store/vec4 v0x56461771bfb0_0, 0, 1;
T_8.0 ;
    %load/vec4 v0x56461771bdf0_0;
    %cmpi/ne 1, 0, 1;
    %jmp/0xz T_8.1, 6;
    %wait E_0x5646176cccb0;
    %jmp T_8.0;
T_8.1 ;
    %vpi_call 2 435 "$display", "cubicroot(27) = %d", v0x56461771c120_0 {0 0 0};
    %vpi_call 2 436 "$finish" {0 0 0};
    %end;
    .thread T_8;
# The file index is used to find the file name in the following table.
:file_names 3;
    "N/A";
    "<interactive>";
    "start.v";
